<?xml version="1.0" encoding="UTF-8"?>
<!-- Generated by org.testng.reporters.JUnitReportReporter -->
<testsuite hostname="DESKTOP-MESHC12" failures="0" tests="1" name="DependsOnMethodsDemo" time="43.997" errors="0" timestamp="2021-06-16T13:31:49 IST" skipped="0">
  <testcase classname="DependsOnMethodsDemo" name="test5" time="43.997"/>
  <system-out/>
</testsuite> <!-- DependsOnMethodsDemo -->
